# JRE version: OpenJDK Runtime Environment Temurin-21.0.6+7 (21.0.6+7) (build 21.0.6+7-LTS)
# Java VM: OpenJDK 64-Bit Server VM Temurin-21.0.6+7 (21.0.6+7-LTS, mixed mode, sharing, tiered, compressed oops, compressed class ptrs, parallel gc, windows-amd64)
GC Precious Log:
 CardTable entry size: 512
 CPUs: 8 total, 8 available
 Memory: 8023M
 Large Page Support: Disabled
 NUMA Support: Disabled
 Compressed Oops: Enabled (32-bit)
 Alignments: Space 512K, Generation 512K, Heap 2M
 Heap Min Capacity: 100M
 Heap Initial Capacity: 100M
 Heap Max Capacity: 1G
 Pre-touch: Disabled
 Parallel Workers: 8
Heap:
 PSYoungGen      total 19968K, used 14496K [0x00000000eab00000, 0x00000000ec100000, 0x0000000100000000)
  eden space 17408K, 69% used [0x00000000eab00000,0x00000000eb6e2768,0x00000000ebc00000)
  from space 2560K, 90% used [0x00000000ebe80000,0x00000000ec0c5950,0x00000000ec100000)
  to   space 2560K, 0% used [0x00000000ebc00000,0x00000000ebc00000,0x00000000ebe80000)
 ParOldGen       total 68608K, used 45102K [0x00000000c0000000, 0x00000000c4300000, 0x00000000eab00000)
  object space 68608K, 65% used [0x00000000c0000000,0x00000000c2c0b810,0x00000000c4300000)
 Metaspace       used 62691K, committed 64000K, reserved 1114112K
  class space    used 6575K, committed 7168K, reserved 1048576K
GC Heap History (20 events):
Event: 48.394 GC heap before
{Heap before GC invocations=28 (full 2):
 PSYoungGen      total 22528K, used 22141K [0x00000000eab00000, 0x00000000ec300000, 0x0000000100000000)
  eden space 20480K, 99% used [0x00000000eab00000,0x00000000ebedb018,0x00000000ebf00000)
  from space 2048K, 88% used [0x00000000ebf00000,0x00000000ec0c4780,0x00000000ec100000)
  to   space 2048K, 0% used [0x00000000ec100000,0x00000000ec100000,0x00000000ec300000)
 ParOldGen       total 68608K, used 39474K [0x00000000c0000000, 0x00000000c4300000, 0x00000000eab00000)
  object space 68608K, 57% used [0x00000000c0000000,0x00000000c268c918,0x00000000c4300000)
 Metaspace       used 54120K, committed 55360K, reserved 1114112K
  class space    used 5758K, committed 6336K, reserved 1048576K
}
Event: 48.398 GC heap after
{Heap after GC invocations=28 (full 2):
 PSYoungGen      total 20480K, used 2029K [0x00000000eab00000, 0x00000000ec700000, 0x0000000100000000)
  eden space 18432K, 0% used [0x00000000eab00000,0x00000000eab00000,0x00000000ebd00000)
  from space 2048K, 99% used [0x00000000ec100000,0x00000000ec2fb530,0x00000000ec300000)
  to   space 4096K, 0% used [0x00000000ebd00000,0x00000000ebd00000,0x00000000ec100000)
 ParOldGen       total 68608K, used 41180K [0x00000000c0000000, 0x00000000c4300000, 0x00000000eab00000)
  object space 68608K, 60% used [0x00000000c0000000,0x00000000c2837098,0x00000000c4300000)
 Metaspace       used 54120K, committed 55360K, reserved 1114112K
  class space    used 5758K, committed 6336K, reserved 1048576K
}
Event: 49.201 GC heap before
{Heap before GC invocations=29 (full 2):
 PSYoungGen      total 20480K, used 20451K [0x00000000eab00000, 0x00000000ec700000, 0x0000000100000000)
  eden space 18432K, 99% used [0x00000000eab00000,0x00000000ebcfd718,0x00000000ebd00000)
  from space 2048K, 99% used [0x00000000ec100000,0x00000000ec2fb530,0x00000000ec300000)
  to   space 4096K, 0% used [0x00000000ebd00000,0x00000000ebd00000,0x00000000ec100000)
 ParOldGen       total 68608K, used 41180K [0x00000000c0000000, 0x00000000c4300000, 0x00000000eab00000)
  object space 68608K, 60% used [0x00000000c0000000,0x00000000c2837098,0x00000000c4300000)
 Metaspace       used 56192K, committed 57408K, reserved 1114112K
  class space    used 5988K, committed 6592K, reserved 1048576K
}
Event: 49.205 GC heap after
{Heap after GC invocations=29 (full 2):
 PSYoungGen      total 20480K, used 1849K [0x00000000eab00000, 0x00000000ec200000, 0x0000000100000000)
  eden space 18432K, 0% used [0x00000000eab00000,0x00000000eab00000,0x00000000ebd00000)
  from space 2048K, 90% used [0x00000000ebd00000,0x00000000ebece780,0x00000000ebf00000)
  to   space 2560K, 0% used [0x00000000ebf80000,0x00000000ebf80000,0x00000000ec200000)
 ParOldGen       total 68608K, used 43091K [0x00000000c0000000, 0x00000000c4300000, 0x00000000eab00000)
  object space 68608K, 62% used [0x00000000c0000000,0x00000000c2a14ff0,0x00000000c4300000)
 Metaspace       used 56192K, committed 57408K, reserved 1114112K
  class space    used 5988K, committed 6592K, reserved 1048576K
}
Event: 50.494 GC heap before
{Heap before GC invocations=30 (full 2):
 PSYoungGen      total 20480K, used 20281K [0x00000000eab00000, 0x00000000ec200000, 0x0000000100000000)
  eden space 18432K, 100% used [0x00000000eab00000,0x00000000ebd00000,0x00000000ebd00000)
  from space 2048K, 90% used [0x00000000ebd00000,0x00000000ebece780,0x00000000ebf00000)
  to   space 2560K, 0% used [0x00000000ebf80000,0x00000000ebf80000,0x00000000ec200000)
 ParOldGen       total 68608K, used 43091K [0x00000000c0000000, 0x00000000c4300000, 0x00000000eab00000)
  object space 68608K, 62% used [0x00000000c0000000,0x00000000c2a14ff0,0x00000000c4300000)
 Metaspace       used 56234K, committed 57472K, reserved 1114112K
  class space    used 5988K, committed 6592K, reserved 1048576K
}
Event: 50.496 GC heap after
{Heap after GC invocations=30 (full 2):
 PSYoungGen      total 19968K, used 1281K [0x00000000eab00000, 0x00000000ec100000, 0x0000000100000000)
  eden space 18432K, 0% used [0x00000000eab00000,0x00000000eab00000,0x00000000ebd00000)
  from space 1536K, 83% used [0x00000000ebf80000,0x00000000ec0c0668,0x00000000ec100000)
  to   space 2048K, 0% used [0x00000000ebd00000,0x00000000ebd00000,0x00000000ebf00000)
 ParOldGen       total 68608K, used 44813K [0x00000000c0000000, 0x00000000c4300000, 0x00000000eab00000)
  object space 68608K, 65% used [0x00000000c0000000,0x00000000c2bc34d0,0x00000000c4300000)
 Metaspace       used 56234K, committed 57472K, reserved 1114112K
  class space    used 5988K, committed 6592K, reserved 1048576K
}
Event: 50.753 GC heap before
{Heap before GC invocations=31 (full 2):
 PSYoungGen      total 19968K, used 19713K [0x00000000eab00000, 0x00000000ec100000, 0x0000000100000000)
  eden space 18432K, 100% used [0x00000000eab00000,0x00000000ebd00000,0x00000000ebd00000)
  from space 1536K, 83% used [0x00000000ebf80000,0x00000000ec0c0668,0x00000000ec100000)
  to   space 2048K, 0% used [0x00000000ebd00000,0x00000000ebd00000,0x00000000ebf00000)
 ParOldGen       total 68608K, used 44813K [0x00000000c0000000, 0x00000000c4300000, 0x00000000eab00000)
  object space 68608K, 65% used [0x00000000c0000000,0x00000000c2bc34d0,0x00000000c4300000)
 Metaspace       used 56518K, committed 57728K, reserved 1114112K
  class space    used 6004K, committed 6592K, reserved 1048576K
}
Event: 50.755 GC heap after
{Heap after GC invocations=31 (full 2):
 PSYoungGen      total 20480K, used 288K [0x00000000eab00000, 0x00000000ec000000, 0x0000000100000000)
  eden space 18432K, 0% used [0x00000000eab00000,0x00000000eab00000,0x00000000ebd00000)
  from space 2048K, 14% used [0x00000000ebd00000,0x00000000ebd48000,0x00000000ebf00000)
  to   space 1024K, 0% used [0x00000000ebf00000,0x00000000ebf00000,0x00000000ec000000)
 ParOldGen       total 68608K, used 44868K [0x00000000c0000000, 0x00000000c4300000, 0x00000000eab00000)
  object space 68608K, 65% used [0x00000000c0000000,0x00000000c2bd1290,0x00000000c4300000)
 Metaspace       used 56518K, committed 57728K, reserved 1114112K
  class space    used 6004K, committed 6592K, reserved 1048576K
}
Event: 51.543 GC heap before
{Heap before GC invocations=32 (full 2):
 PSYoungGen      total 20480K, used 18720K [0x00000000eab00000, 0x00000000ec000000, 0x0000000100000000)
  eden space 18432K, 100% used [0x00000000eab00000,0x00000000ebd00000,0x00000000ebd00000)
  from space 2048K, 14% used [0x00000000ebd00000,0x00000000ebd48000,0x00000000ebf00000)
  to   space 1024K, 0% used [0x00000000ebf00000,0x00000000ebf00000,0x00000000ec000000)
 ParOldGen       total 68608K, used 44868K [0x00000000c0000000, 0x00000000c4300000, 0x00000000eab00000)
  object space 68608K, 65% used [0x00000000c0000000,0x00000000c2bd1290,0x00000000c4300000)
 Metaspace       used 57768K, committed 58944K, reserved 1114112K
  class space    used 6160K, committed 6720K, reserved 1048576K
}
Event: 51.544 GC heap after
{Heap after GC invocations=32 (full 2):
 PSYoungGen      total 19456K, used 776K [0x00000000eab00000, 0x00000000ec000000, 0x0000000100000000)
  eden space 18432K, 0% used [0x00000000eab00000,0x00000000eab00000,0x00000000ebd00000)
  from space 1024K, 75% used [0x00000000ebf00000,0x00000000ebfc2330,0x00000000ec000000)
  to   space 1024K, 0% used [0x00000000ebe00000,0x00000000ebe00000,0x00000000ebf00000)
 ParOldGen       total 68608K, used 45007K [0x00000000c0000000, 0x00000000c4300000, 0x00000000eab00000)
  object space 68608K, 65% used [0x00000000c0000000,0x00000000c2bf3e50,0x00000000c4300000)
 Metaspace       used 57768K, committed 58944K, reserved 1114112K
  class space    used 6160K, committed 6720K, reserved 1048576K
}
Event: 52.180 GC heap before
{Heap before GC invocations=33 (full 2):
 PSYoungGen      total 19456K, used 16237K [0x00000000eab00000, 0x00000000ec000000, 0x0000000100000000)
  eden space 18432K, 83% used [0x00000000eab00000,0x00000000eba19390,0x00000000ebd00000)
  from space 1024K, 75% used [0x00000000ebf00000,0x00000000ebfc2330,0x00000000ec000000)
  to   space 1024K, 0% used [0x00000000ebe00000,0x00000000ebe00000,0x00000000ebf00000)
 ParOldGen       total 68608K, used 45007K [0x00000000c0000000, 0x00000000c4300000, 0x00000000eab00000)
  object space 68608K, 65% used [0x00000000c0000000,0x00000000c2bf3e50,0x00000000c4300000)
 Metaspace       used 58519K, committed 59776K, reserved 1114112K
  class space    used 6224K, committed 6848K, reserved 1048576K
}
Event: 52.181 GC heap after
{Heap after GC invocations=33 (full 2):
 PSYoungGen      total 19456K, used 1010K [0x00000000eab00000, 0x00000000ec000000, 0x0000000100000000)
  eden space 18432K, 0% used [0x00000000eab00000,0x00000000eab00000,0x00000000ebd00000)
  from space 1024K, 98% used [0x00000000ebe00000,0x00000000ebefca30,0x00000000ebf00000)
  to   space 1024K, 0% used [0x00000000ebf00000,0x00000000ebf00000,0x00000000ec000000)
 ParOldGen       total 68608K, used 45480K [0x00000000c0000000, 0x00000000c4300000, 0x00000000eab00000)
  object space 68608K, 66% used [0x00000000c0000000,0x00000000c2c6a2f0,0x00000000c4300000)
 Metaspace       used 58519K, committed 59776K, reserved 1114112K
  class space    used 6224K, committed 6848K, reserved 1048576K
}
Event: 52.181 GC heap before
{Heap before GC invocations=34 (full 3):
 PSYoungGen      total 19456K, used 1010K [0x00000000eab00000, 0x00000000ec000000, 0x0000000100000000)
  eden space 18432K, 0% used [0x00000000eab00000,0x00000000eab00000,0x00000000ebd00000)
  from space 1024K, 98% used [0x00000000ebe00000,0x00000000ebefca30,0x00000000ebf00000)
  to   space 1024K, 0% used [0x00000000ebf00000,0x00000000ebf00000,0x00000000ec000000)
 ParOldGen       total 68608K, used 45480K [0x00000000c0000000, 0x00000000c4300000, 0x00000000eab00000)
  object space 68608K, 66% used [0x00000000c0000000,0x00000000c2c6a2f0,0x00000000c4300000)
 Metaspace       used 58519K, committed 59776K, reserved 1114112K
  class space    used 6224K, committed 6848K, reserved 1048576K
}
Event: 52.304 GC heap after
{Heap after GC invocations=34 (full 3):
 PSYoungGen      total 19456K, used 0K [0x00000000eab00000, 0x00000000ec000000, 0x0000000100000000)
  eden space 18432K, 0% used [0x00000000eab00000,0x00000000eab00000,0x00000000ebd00000)
  from space 1024K, 0% used [0x00000000ebe00000,0x00000000ebe00000,0x00000000ebf00000)
  to   space 1024K, 0% used [0x00000000ebf00000,0x00000000ebf00000,0x00000000ec000000)
 ParOldGen       total 68608K, used 40790K [0x00000000c0000000, 0x00000000c4300000, 0x00000000eab00000)
  object space 68608K, 59% used [0x00000000c0000000,0x00000000c27d5b18,0x00000000c4300000)
 Metaspace       used 58519K, committed 59776K, reserved 1114112K
  class space    used 6224K, committed 6848K, reserved 1048576K
}
Event: 53.231 GC heap before
{Heap before GC invocations=35 (full 3):
 PSYoungGen      total 19456K, used 18432K [0x00000000eab00000, 0x00000000ec000000, 0x0000000100000000)
  eden space 18432K, 100% used [0x00000000eab00000,0x00000000ebd00000,0x00000000ebd00000)
  from space 1024K, 0% used [0x00000000ebe00000,0x00000000ebe00000,0x00000000ebf00000)
  to   space 1024K, 0% used [0x00000000ebf00000,0x00000000ebf00000,0x00000000ec000000)
 ParOldGen       total 68608K, used 40790K [0x00000000c0000000, 0x00000000c4300000, 0x00000000eab00000)
  object space 68608K, 59% used [0x00000000c0000000,0x00000000c27d5b18,0x00000000c4300000)
 Metaspace       used 60063K, committed 61312K, reserved 1114112K
  class space    used 6325K, committed 6912K, reserved 1048576K
}
Event: 53.233 GC heap after
{Heap after GC invocations=35 (full 3):
 PSYoungGen      total 18432K, used 1023K [0x00000000eab00000, 0x00000000ec300000, 0x0000000100000000)
  eden space 17408K, 0% used [0x00000000eab00000,0x00000000eab00000,0x00000000ebc00000)
  from space 1024K, 99% used [0x00000000ebf00000,0x00000000ebfffc00,0x00000000ec000000)
  to   space 3072K, 0% used [0x00000000ebc00000,0x00000000ebc00000,0x00000000ebf00000)
 ParOldGen       total 68608K, used 42426K [0x00000000c0000000, 0x00000000c4300000, 0x00000000eab00000)
  object space 68608K, 61% used [0x00000000c0000000,0x00000000c296eba0,0x00000000c4300000)
 Metaspace       used 60063K, committed 61312K, reserved 1114112K
  class space    used 6325K, committed 6912K, reserved 1048576K
}
Event: 53.774 GC heap before
{Heap before GC invocations=36 (full 3):
 PSYoungGen      total 18432K, used 18431K [0x00000000eab00000, 0x00000000ec300000, 0x0000000100000000)
  eden space 17408K, 100% used [0x00000000eab00000,0x00000000ebc00000,0x00000000ebc00000)
  from space 1024K, 99% used [0x00000000ebf00000,0x00000000ebfffc00,0x00000000ec000000)
  to   space 3072K, 0% used [0x00000000ebc00000,0x00000000ebc00000,0x00000000ebf00000)
 ParOldGen       total 68608K, used 42426K [0x00000000c0000000, 0x00000000c4300000, 0x00000000eab00000)
  object space 68608K, 61% used [0x00000000c0000000,0x00000000c296eba0,0x00000000c4300000)
 Metaspace       used 60440K, committed 61696K, reserved 1114112K
  class space    used 6363K, committed 6976K, reserved 1048576K
}
Event: 53.777 GC heap after
{Heap after GC invocations=36 (full 3):
 PSYoungGen      total 19456K, used 1917K [0x00000000eab00000, 0x00000000ec100000, 0x0000000100000000)
  eden space 17408K, 0% used [0x00000000eab00000,0x00000000eab00000,0x00000000ebc00000)
  from space 2048K, 93% used [0x00000000ebc00000,0x00000000ebddf668,0x00000000ebe00000)
  to   space 2560K, 0% used [0x00000000ebe80000,0x00000000ebe80000,0x00000000ec100000)
 ParOldGen       total 68608K, used 43393K [0x00000000c0000000, 0x00000000c4300000, 0x00000000eab00000)
  object space 68608K, 63% used [0x00000000c0000000,0x00000000c2a60408,0x00000000c4300000)
 Metaspace       used 60440K, committed 61696K, reserved 1114112K
  class space    used 6363K, committed 6976K, reserved 1048576K
}
Event: 54.722 GC heap before
{Heap before GC invocations=37 (full 3):
 PSYoungGen      total 19456K, used 19325K [0x00000000eab00000, 0x00000000ec100000, 0x0000000100000000)
  eden space 17408K, 100% used [0x00000000eab00000,0x00000000ebc00000,0x00000000ebc00000)
  from space 2048K, 93% used [0x00000000ebc00000,0x00000000ebddf668,0x00000000ebe00000)
  to   space 2560K, 0% used [0x00000000ebe80000,0x00000000ebe80000,0x00000000ec100000)
 ParOldGen       total 68608K, used 43393K [0x00000000c0000000, 0x00000000c4300000, 0x00000000eab00000)
  object space 68608K, 63% used [0x00000000c0000000,0x00000000c2a60408,0x00000000c4300000)
 Metaspace       used 61991K, committed 63296K, reserved 1114112K
  class space    used 6541K, committed 7168K, reserved 1048576K
}
Event: 54.728 GC heap after
{Heap after GC invocations=37 (full 3):
 PSYoungGen      total 19968K, used 2326K [0x00000000eab00000, 0x00000000ec100000, 0x0000000100000000)
  eden space 17408K, 0% used [0x00000000eab00000,0x00000000eab00000,0x00000000ebc00000)
  from space 2560K, 90% used [0x00000000ebe80000,0x00000000ec0c5950,0x00000000ec100000)
  to   space 2560K, 0% used [0x00000000ebc00000,0x00000000ebc00000,0x00000000ebe80000)
 ParOldGen       total 68608K, used 45102K [0x00000000c0000000, 0x00000000c4300000, 0x00000000eab00000)
  object space 68608K, 65% used [0x00000000c0000000,0x00000000c2c0b810,0x00000000c4300000)
 Metaspace       used 61991K, committed 63296K, reserved 1114112K
  class space    used 6541K, committed 7168K, reserved 1048576K
}

