# JRE version: OpenJDK Runtime Environment Temurin-21.0.6+7 (21.0.6+7) (build 21.0.6+7-LTS)
# Java VM: OpenJDK 64-Bit Server VM Temurin-21.0.6+7 (21.0.6+7-LTS, mixed mode, sharing, tiered, compressed oops, compressed class ptrs, parallel gc, windows-amd64)
GC Precious Log:
 CardTable entry size: 512
 CPUs: 8 total, 8 available
 Memory: 8023M
 Large Page Support: Disabled
 NUMA Support: Disabled
 Compressed Oops: Enabled (32-bit)
 Alignments: Space 512K, Generation 512K, Heap 2M
 Heap Min Capacity: 100M
 Heap Initial Capacity: 100M
 Heap Max Capacity: 1G
 Pre-touch: Disabled
 Parallel Workers: 8
Heap:
 PSYoungGen      total 3584K, used 3584K [0x00000000eab00000, 0x00000000eb100000, 0x0000000100000000)
  eden space 3072K, 100% used [0x00000000eab00000,0x00000000eae00000,0x00000000eae00000)
  from space 512K, 100% used [0x00000000eaf80000,0x00000000eb000000,0x00000000eb000000)
  to   space 1536K, 37% used [0x00000000eae00000,0x00000000eae90000,0x00000000eaf80000)
 ParOldGen       total 578560K, used 578077K [0x00000000c0000000, 0x00000000e3500000, 0x00000000eab00000)
  object space 578560K, 99% used [0x00000000c0000000,0x00000000e3487598,0x00000000e3500000)
 Metaspace       used 68684K, committed 70336K, reserved 1114112K
  class space    used 7136K, committed 7936K, reserved 1048576K
GC Heap History (20 events):
Event: 40.177 GC heap before
{Heap before GC invocations=738 (full 3):
 PSYoungGen      total 4096K, used 3744K [0x00000000eab00000, 0x00000000eb000000, 0x0000000100000000)
  eden space 3072K, 100% used [0x00000000eab00000,0x00000000eae00000,0x00000000eae00000)
  from space 1024K, 65% used [0x00000000eaf00000,0x00000000eafa8000,0x00000000eb000000)
  to   space 1024K, 0% used [0x00000000eae00000,0x00000000eae00000,0x00000000eaf00000)
 ParOldGen       total 571904K, used 571434K [0x00000000c0000000, 0x00000000e2e80000, 0x00000000eab00000)
  object space 571904K, 99% used [0x00000000c0000000,0x00000000e2e0a980,0x00000000e2e80000)
 Metaspace       used 68684K, committed 70336K, reserved 1114112K
  class space    used 7136K, committed 7936K, reserved 1048576K
}
Event: 40.180 GC heap after
{Heap after GC invocations=738 (full 3):
 PSYoungGen      total 4096K, used 672K [0x00000000eab00000, 0x00000000eb000000, 0x0000000100000000)
  eden space 3072K, 0% used [0x00000000eab00000,0x00000000eab00000,0x00000000eae00000)
  from space 1024K, 65% used [0x00000000eae00000,0x00000000eaea8000,0x00000000eaf00000)
  to   space 1024K, 0% used [0x00000000eaf00000,0x00000000eaf00000,0x00000000eb000000)
 ParOldGen       total 572416K, used 572018K [0x00000000c0000000, 0x00000000e2f00000, 0x00000000eab00000)
  object space 572416K, 99% used [0x00000000c0000000,0x00000000e2e9c980,0x00000000e2f00000)
 Metaspace       used 68684K, committed 70336K, reserved 1114112K
  class space    used 7136K, committed 7936K, reserved 1048576K
}
Event: 40.200 GC heap before
{Heap before GC invocations=739 (full 3):
 PSYoungGen      total 4096K, used 3744K [0x00000000eab00000, 0x00000000eb000000, 0x0000000100000000)
  eden space 3072K, 100% used [0x00000000eab00000,0x00000000eae00000,0x00000000eae00000)
  from space 1024K, 65% used [0x00000000eae00000,0x00000000eaea8000,0x00000000eaf00000)
  to   space 1024K, 0% used [0x00000000eaf00000,0x00000000eaf00000,0x00000000eb000000)
 ParOldGen       total 572416K, used 572018K [0x00000000c0000000, 0x00000000e2f00000, 0x00000000eab00000)
  object space 572416K, 99% used [0x00000000c0000000,0x00000000e2e9c980,0x00000000e2f00000)
 Metaspace       used 68684K, committed 70336K, reserved 1114112K
  class space    used 7136K, committed 7936K, reserved 1048576K
}
Event: 40.203 GC heap after
{Heap after GC invocations=739 (full 3):
 PSYoungGen      total 4096K, used 672K [0x00000000eab00000, 0x00000000eb000000, 0x0000000100000000)
  eden space 3072K, 0% used [0x00000000eab00000,0x00000000eab00000,0x00000000eae00000)
  from space 1024K, 65% used [0x00000000eaf00000,0x00000000eafa8000,0x00000000eb000000)
  to   space 1024K, 0% used [0x00000000eae00000,0x00000000eae00000,0x00000000eaf00000)
 ParOldGen       total 572928K, used 572589K [0x00000000c0000000, 0x00000000e2f80000, 0x00000000eab00000)
  object space 572928K, 99% used [0x00000000c0000000,0x00000000e2f2b590,0x00000000e2f80000)
 Metaspace       used 68684K, committed 70336K, reserved 1114112K
  class space    used 7136K, committed 7936K, reserved 1048576K
}
Event: 40.222 GC heap before
{Heap before GC invocations=740 (full 3):
 PSYoungGen      total 4096K, used 3744K [0x00000000eab00000, 0x00000000eb000000, 0x0000000100000000)
  eden space 3072K, 100% used [0x00000000eab00000,0x00000000eae00000,0x00000000eae00000)
  from space 1024K, 65% used [0x00000000eaf00000,0x00000000eafa8000,0x00000000eb000000)
  to   space 1024K, 0% used [0x00000000eae00000,0x00000000eae00000,0x00000000eaf00000)
 ParOldGen       total 572928K, used 572589K [0x00000000c0000000, 0x00000000e2f80000, 0x00000000eab00000)
  object space 572928K, 99% used [0x00000000c0000000,0x00000000e2f2b590,0x00000000e2f80000)
 Metaspace       used 68684K, committed 70336K, reserved 1114112K
  class space    used 7136K, committed 7936K, reserved 1048576K
}
Event: 40.225 GC heap after
{Heap after GC invocations=740 (full 3):
 PSYoungGen      total 4096K, used 704K [0x00000000eab00000, 0x00000000eb000000, 0x0000000100000000)
  eden space 3072K, 0% used [0x00000000eab00000,0x00000000eab00000,0x00000000eae00000)
  from space 1024K, 68% used [0x00000000eae00000,0x00000000eaeb0000,0x00000000eaf00000)
  to   space 1024K, 0% used [0x00000000eaf00000,0x00000000eaf00000,0x00000000eb000000)
 ParOldGen       total 573440K, used 573133K [0x00000000c0000000, 0x00000000e3000000, 0x00000000eab00000)
  object space 573440K, 99% used [0x00000000c0000000,0x00000000e2fb3590,0x00000000e3000000)
 Metaspace       used 68684K, committed 70336K, reserved 1114112K
  class space    used 7136K, committed 7936K, reserved 1048576K
}
Event: 40.243 GC heap before
{Heap before GC invocations=741 (full 3):
 PSYoungGen      total 4096K, used 3776K [0x00000000eab00000, 0x00000000eb000000, 0x0000000100000000)
  eden space 3072K, 100% used [0x00000000eab00000,0x00000000eae00000,0x00000000eae00000)
  from space 1024K, 68% used [0x00000000eae00000,0x00000000eaeb0000,0x00000000eaf00000)
  to   space 1024K, 0% used [0x00000000eaf00000,0x00000000eaf00000,0x00000000eb000000)
 ParOldGen       total 573440K, used 573133K [0x00000000c0000000, 0x00000000e3000000, 0x00000000eab00000)
  object space 573440K, 99% used [0x00000000c0000000,0x00000000e2fb3590,0x00000000e3000000)
 Metaspace       used 68684K, committed 70336K, reserved 1114112K
  class space    used 7136K, committed 7936K, reserved 1048576K
}
Event: 40.246 GC heap after
{Heap after GC invocations=741 (full 3):
 PSYoungGen      total 4096K, used 672K [0x00000000eab00000, 0x00000000eb000000, 0x0000000100000000)
  eden space 3072K, 0% used [0x00000000eab00000,0x00000000eab00000,0x00000000eae00000)
  from space 1024K, 65% used [0x00000000eaf00000,0x00000000eafa8000,0x00000000eb000000)
  to   space 1024K, 0% used [0x00000000eae00000,0x00000000eae00000,0x00000000eaf00000)
 ParOldGen       total 573952K, used 573733K [0x00000000c0000000, 0x00000000e3080000, 0x00000000eab00000)
  object space 573952K, 99% used [0x00000000c0000000,0x00000000e3049590,0x00000000e3080000)
 Metaspace       used 68684K, committed 70336K, reserved 1114112K
  class space    used 7136K, committed 7936K, reserved 1048576K
}
Event: 40.271 GC heap before
{Heap before GC invocations=742 (full 3):
 PSYoungGen      total 4096K, used 3744K [0x00000000eab00000, 0x00000000eb000000, 0x0000000100000000)
  eden space 3072K, 100% used [0x00000000eab00000,0x00000000eae00000,0x00000000eae00000)
  from space 1024K, 65% used [0x00000000eaf00000,0x00000000eafa8000,0x00000000eb000000)
  to   space 1024K, 0% used [0x00000000eae00000,0x00000000eae00000,0x00000000eaf00000)
 ParOldGen       total 573952K, used 573733K [0x00000000c0000000, 0x00000000e3080000, 0x00000000eab00000)
  object space 573952K, 99% used [0x00000000c0000000,0x00000000e3049590,0x00000000e3080000)
 Metaspace       used 68684K, committed 70336K, reserved 1114112K
  class space    used 7136K, committed 7936K, reserved 1048576K
}
Event: 40.275 GC heap after
{Heap after GC invocations=742 (full 3):
 PSYoungGen      total 4096K, used 1008K [0x00000000eab00000, 0x00000000eb200000, 0x0000000100000000)
  eden space 3072K, 0% used [0x00000000eab00000,0x00000000eab00000,0x00000000eae00000)
  from space 1024K, 98% used [0x00000000eae00000,0x00000000eaefc008,0x00000000eaf00000)
  to   space 2048K, 0% used [0x00000000eb000000,0x00000000eb000000,0x00000000eb200000)
 ParOldGen       total 574464K, used 574317K [0x00000000c0000000, 0x00000000e3100000, 0x00000000eab00000)
  object space 574464K, 99% used [0x00000000c0000000,0x00000000e30db590,0x00000000e3100000)
 Metaspace       used 68684K, committed 70336K, reserved 1114112K
  class space    used 7136K, committed 7936K, reserved 1048576K
}
Event: 40.293 GC heap before
{Heap before GC invocations=743 (full 3):
 PSYoungGen      total 4096K, used 4080K [0x00000000eab00000, 0x00000000eb200000, 0x0000000100000000)
  eden space 3072K, 100% used [0x00000000eab00000,0x00000000eae00000,0x00000000eae00000)
  from space 1024K, 98% used [0x00000000eae00000,0x00000000eaefc008,0x00000000eaf00000)
  to   space 2048K, 0% used [0x00000000eb000000,0x00000000eb000000,0x00000000eb200000)
 ParOldGen       total 574464K, used 574317K [0x00000000c0000000, 0x00000000e3100000, 0x00000000eab00000)
  object space 574464K, 99% used [0x00000000c0000000,0x00000000e30db590,0x00000000e3100000)
 Metaspace       used 68684K, committed 70336K, reserved 1114112K
  class space    used 7136K, committed 7936K, reserved 1048576K
}
Event: 40.296 GC heap after
{Heap after GC invocations=743 (full 3):
 PSYoungGen      total 4096K, used 736K [0x00000000eab00000, 0x00000000eb100000, 0x0000000100000000)
  eden space 3072K, 0% used [0x00000000eab00000,0x00000000eab00000,0x00000000eae00000)
  from space 1024K, 71% used [0x00000000eb000000,0x00000000eb0b8000,0x00000000eb100000)
  to   space 1536K, 0% used [0x00000000eae00000,0x00000000eae00000,0x00000000eaf80000)
 ParOldGen       total 575488K, used 575245K [0x00000000c0000000, 0x00000000e3200000, 0x00000000eab00000)
  object space 575488K, 99% used [0x00000000c0000000,0x00000000e31c3598,0x00000000e3200000)
 Metaspace       used 68684K, committed 70336K, reserved 1114112K
  class space    used 7136K, committed 7936K, reserved 1048576K
}
Event: 40.316 GC heap before
{Heap before GC invocations=744 (full 3):
 PSYoungGen      total 4096K, used 3808K [0x00000000eab00000, 0x00000000eb100000, 0x0000000100000000)
  eden space 3072K, 100% used [0x00000000eab00000,0x00000000eae00000,0x00000000eae00000)
  from space 1024K, 71% used [0x00000000eb000000,0x00000000eb0b8000,0x00000000eb100000)
  to   space 1536K, 0% used [0x00000000eae00000,0x00000000eae00000,0x00000000eaf80000)
 ParOldGen       total 575488K, used 575245K [0x00000000c0000000, 0x00000000e3200000, 0x00000000eab00000)
  object space 575488K, 99% used [0x00000000c0000000,0x00000000e31c3598,0x00000000e3200000)
 Metaspace       used 68684K, committed 70336K, reserved 1114112K
  class space    used 7136K, committed 7936K, reserved 1048576K
}
Event: 40.318 GC heap after
{Heap after GC invocations=744 (full 3):
 PSYoungGen      total 4608K, used 672K [0x00000000eab00000, 0x00000000eb080000, 0x0000000100000000)
  eden space 3072K, 0% used [0x00000000eab00000,0x00000000eab00000,0x00000000eae00000)
  from space 1536K, 43% used [0x00000000eae00000,0x00000000eaea8000,0x00000000eaf80000)
  to   space 1024K, 0% used [0x00000000eaf80000,0x00000000eaf80000,0x00000000eb080000)
 ParOldGen       total 576000K, used 575845K [0x00000000c0000000, 0x00000000e3280000, 0x00000000eab00000)
  object space 576000K, 99% used [0x00000000c0000000,0x00000000e3259598,0x00000000e3280000)
 Metaspace       used 68684K, committed 70336K, reserved 1114112K
  class space    used 7136K, committed 7936K, reserved 1048576K
}
Event: 40.337 GC heap before
{Heap before GC invocations=745 (full 3):
 PSYoungGen      total 4608K, used 3744K [0x00000000eab00000, 0x00000000eb080000, 0x0000000100000000)
  eden space 3072K, 100% used [0x00000000eab00000,0x00000000eae00000,0x00000000eae00000)
  from space 1536K, 43% used [0x00000000eae00000,0x00000000eaea8000,0x00000000eaf80000)
  to   space 1024K, 0% used [0x00000000eaf80000,0x00000000eaf80000,0x00000000eb080000)
 ParOldGen       total 576000K, used 575845K [0x00000000c0000000, 0x00000000e3280000, 0x00000000eab00000)
  object space 576000K, 99% used [0x00000000c0000000,0x00000000e3259598,0x00000000e3280000)
 Metaspace       used 68684K, committed 70336K, reserved 1114112K
  class space    used 7136K, committed 7936K, reserved 1048576K
}
Event: 40.340 GC heap after
{Heap after GC invocations=745 (full 3):
 PSYoungGen      total 4096K, used 640K [0x00000000eab00000, 0x00000000eb080000, 0x0000000100000000)
  eden space 3072K, 0% used [0x00000000eab00000,0x00000000eab00000,0x00000000eae00000)
  from space 1024K, 62% used [0x00000000eaf80000,0x00000000eb020000,0x00000000eb080000)
  to   space 1024K, 0% used [0x00000000eae80000,0x00000000eae80000,0x00000000eaf80000)
 ParOldGen       total 576512K, used 576421K [0x00000000c0000000, 0x00000000e3300000, 0x00000000eab00000)
  object space 576512K, 99% used [0x00000000c0000000,0x00000000e32e9598,0x00000000e3300000)
 Metaspace       used 68684K, committed 70336K, reserved 1114112K
  class space    used 7136K, committed 7936K, reserved 1048576K
}
Event: 40.363 GC heap before
{Heap before GC invocations=746 (full 3):
 PSYoungGen      total 4096K, used 3712K [0x00000000eab00000, 0x00000000eb080000, 0x0000000100000000)
  eden space 3072K, 100% used [0x00000000eab00000,0x00000000eae00000,0x00000000eae00000)
  from space 1024K, 62% used [0x00000000eaf80000,0x00000000eb020000,0x00000000eb080000)
  to   space 1024K, 0% used [0x00000000eae80000,0x00000000eae80000,0x00000000eaf80000)
 ParOldGen       total 576512K, used 576421K [0x00000000c0000000, 0x00000000e3300000, 0x00000000eab00000)
  object space 576512K, 99% used [0x00000000c0000000,0x00000000e32e9598,0x00000000e3300000)
 Metaspace       used 68684K, committed 70336K, reserved 1114112K
  class space    used 7136K, committed 7936K, reserved 1048576K
}
Event: 40.366 GC heap after
{Heap after GC invocations=746 (full 3):
 PSYoungGen      total 4096K, used 640K [0x00000000eab00000, 0x00000000eb000000, 0x0000000100000000)
  eden space 3072K, 0% used [0x00000000eab00000,0x00000000eab00000,0x00000000eae00000)
  from space 1024K, 62% used [0x00000000eae80000,0x00000000eaf20000,0x00000000eaf80000)
  to   space 512K, 0% used [0x00000000eaf80000,0x00000000eaf80000,0x00000000eb000000)
 ParOldGen       total 577024K, used 576981K [0x00000000c0000000, 0x00000000e3380000, 0x00000000eab00000)
  object space 577024K, 99% used [0x00000000c0000000,0x00000000e3375598,0x00000000e3380000)
 Metaspace       used 68684K, committed 70336K, reserved 1114112K
  class space    used 7136K, committed 7936K, reserved 1048576K
}
Event: 40.389 GC heap before
{Heap before GC invocations=747 (full 3):
 PSYoungGen      total 4096K, used 3712K [0x00000000eab00000, 0x00000000eb000000, 0x0000000100000000)
  eden space 3072K, 100% used [0x00000000eab00000,0x00000000eae00000,0x00000000eae00000)
  from space 1024K, 62% used [0x00000000eae80000,0x00000000eaf20000,0x00000000eaf80000)
  to   space 512K, 0% used [0x00000000eaf80000,0x00000000eaf80000,0x00000000eb000000)
 ParOldGen       total 577024K, used 576981K [0x00000000c0000000, 0x00000000e3380000, 0x00000000eab00000)
  object space 577024K, 99% used [0x00000000c0000000,0x00000000e3375598,0x00000000e3380000)
 Metaspace       used 68684K, committed 70336K, reserved 1114112K
  class space    used 7136K, committed 7936K, reserved 1048576K
}
Event: 40.393 GC heap after
{Heap after GC invocations=747 (full 3):
 PSYoungGen      total 3584K, used 512K [0x00000000eab00000, 0x00000000eb100000, 0x0000000100000000)
  eden space 3072K, 0% used [0x00000000eab00000,0x00000000eab00000,0x00000000eae00000)
  from space 512K, 100% used [0x00000000eaf80000,0x00000000eb000000,0x00000000eb000000)
  to   space 1536K, 0% used [0x00000000eae00000,0x00000000eae00000,0x00000000eaf80000)
 ParOldGen       total 578048K, used 577557K [0x00000000c0000000, 0x00000000e3480000, 0x00000000eab00000)
  object space 578048K, 99% used [0x00000000c0000000,0x00000000e3405598,0x00000000e3480000)
 Metaspace       used 68684K, committed 70336K, reserved 1114112K
  class space    used 7136K, committed 7936K, reserved 1048576K
}

