# JRE version: OpenJDK Runtime Environment Temurin-21.0.6+7 (21.0.6+7) (build 21.0.6+7-LTS)
# Java VM: OpenJDK 64-Bit Server VM Temurin-21.0.6+7 (21.0.6+7-LTS, mixed mode, sharing, tiered, compressed oops, compressed class ptrs, parallel gc, windows-amd64)
GC Precious Log:
 CardTable entry size: 512
 CPUs: 8 total, 8 available
 Memory: 8023M
 Large Page Support: Disabled
 NUMA Support: Disabled
 Compressed Oops: Enabled (32-bit)
 Alignments: Space 512K, Generation 512K, Heap 2M
 Heap Min Capacity: 100M
 Heap Initial Capacity: 100M
 Heap Max Capacity: 1G
 Pre-touch: Disabled
 Parallel Workers: 8
Heap:
 PSYoungGen      total 23040K, used 5499K [0x00000000eab00000, 0x00000000ec400000, 0x0000000100000000)
  eden space 21504K, 19% used [0x00000000eab00000,0x00000000eaf19c98,0x00000000ec000000)
  from space 1536K, 84% used [0x00000000ec000000,0x00000000ec1451b0,0x00000000ec180000)
  to   space 2048K, 0% used [0x00000000ec200000,0x00000000ec200000,0x00000000ec400000)
 ParOldGen       total 68608K, used 32195K [0x00000000c0000000, 0x00000000c4300000, 0x00000000eab00000)
  object space 68608K, 46% used [0x00000000c0000000,0x00000000c1f70e58,0x00000000c4300000)
 Metaspace       used 41654K, committed 42944K, reserved 1114112K
  class space    used 4280K, committed 4864K, reserved 1048576K
GC Heap History (20 events):
Event: 10.861 GC heap before
{Heap before GC invocations=14 (full 1):
 PSYoungGen      total 23040K, used 23034K [0x00000000eab00000, 0x00000000ec780000, 0x0000000100000000)
  eden space 22016K, 100% used [0x00000000eab00000,0x00000000ec080000,0x00000000ec080000)
  from space 1024K, 99% used [0x00000000ec600000,0x00000000ec6fe920,0x00000000ec700000)
  to   space 3584K, 0% used [0x00000000ec080000,0x00000000ec080000,0x00000000ec400000)
 ParOldGen       total 68608K, used 17549K [0x00000000c0000000, 0x00000000c4300000, 0x00000000eab00000)
  object space 68608K, 25% used [0x00000000c0000000,0x00000000c1123550,0x00000000c4300000)
 Metaspace       used 33794K, committed 34880K, reserved 1114112K
  class space    used 3349K, committed 3840K, reserved 1048576K
}
Event: 10.866 GC heap after
{Heap after GC invocations=14 (full 1):
 PSYoungGen      total 24576K, used 2438K [0x00000000eab00000, 0x00000000ec680000, 0x0000000100000000)
  eden space 22016K, 0% used [0x00000000eab00000,0x00000000eab00000,0x00000000ec080000)
  from space 2560K, 95% used [0x00000000ec080000,0x00000000ec2e1968,0x00000000ec300000)
  to   space 3072K, 0% used [0x00000000ec380000,0x00000000ec380000,0x00000000ec680000)
 ParOldGen       total 68608K, used 18486K [0x00000000c0000000, 0x00000000c4300000, 0x00000000eab00000)
  object space 68608K, 26% used [0x00000000c0000000,0x00000000c120dbe8,0x00000000c4300000)
 Metaspace       used 33794K, committed 34880K, reserved 1114112K
  class space    used 3349K, committed 3840K, reserved 1048576K
}
Event: 11.177 GC heap before
{Heap before GC invocations=15 (full 1):
 PSYoungGen      total 24576K, used 24454K [0x00000000eab00000, 0x00000000ec680000, 0x0000000100000000)
  eden space 22016K, 100% used [0x00000000eab00000,0x00000000ec080000,0x00000000ec080000)
  from space 2560K, 95% used [0x00000000ec080000,0x00000000ec2e1968,0x00000000ec300000)
  to   space 3072K, 0% used [0x00000000ec380000,0x00000000ec380000,0x00000000ec680000)
 ParOldGen       total 68608K, used 18486K [0x00000000c0000000, 0x00000000c4300000, 0x00000000eab00000)
  object space 68608K, 26% used [0x00000000c0000000,0x00000000c120dbe8,0x00000000c4300000)
 Metaspace       used 34427K, committed 35520K, reserved 1114112K
  class space    used 3425K, committed 3904K, reserved 1048576K
}
Event: 11.182 GC heap after
{Heap after GC invocations=15 (full 1):
 PSYoungGen      total 24576K, used 2390K [0x00000000eab00000, 0x00000000ec600000, 0x0000000100000000)
  eden space 22016K, 0% used [0x00000000eab00000,0x00000000eab00000,0x00000000ec080000)
  from space 2560K, 93% used [0x00000000ec380000,0x00000000ec5d5b78,0x00000000ec600000)
  to   space 2560K, 0% used [0x00000000ec080000,0x00000000ec080000,0x00000000ec300000)
 ParOldGen       total 68608K, used 20743K [0x00000000c0000000, 0x00000000c4300000, 0x00000000eab00000)
  object space 68608K, 30% used [0x00000000c0000000,0x00000000c1441fe8,0x00000000c4300000)
 Metaspace       used 34427K, committed 35520K, reserved 1114112K
  class space    used 3425K, committed 3904K, reserved 1048576K
}
Event: 11.410 GC heap before
{Heap before GC invocations=16 (full 1):
 PSYoungGen      total 24576K, used 24406K [0x00000000eab00000, 0x00000000ec600000, 0x0000000100000000)
  eden space 22016K, 100% used [0x00000000eab00000,0x00000000ec080000,0x00000000ec080000)
  from space 2560K, 93% used [0x00000000ec380000,0x00000000ec5d5b78,0x00000000ec600000)
  to   space 2560K, 0% used [0x00000000ec080000,0x00000000ec080000,0x00000000ec300000)
 ParOldGen       total 68608K, used 20743K [0x00000000c0000000, 0x00000000c4300000, 0x00000000eab00000)
  object space 68608K, 30% used [0x00000000c0000000,0x00000000c1441fe8,0x00000000c4300000)
 Metaspace       used 34533K, committed 35648K, reserved 1114112K
  class space    used 3439K, committed 3968K, reserved 1048576K
}
Event: 11.415 GC heap after
{Heap after GC invocations=16 (full 1):
 PSYoungGen      total 24576K, used 2532K [0x00000000eab00000, 0x00000000ec580000, 0x0000000100000000)
  eden space 22016K, 0% used [0x00000000eab00000,0x00000000eab00000,0x00000000ec080000)
  from space 2560K, 98% used [0x00000000ec080000,0x00000000ec2f9000,0x00000000ec300000)
  to   space 2560K, 0% used [0x00000000ec300000,0x00000000ec300000,0x00000000ec580000)
 ParOldGen       total 68608K, used 22962K [0x00000000c0000000, 0x00000000c4300000, 0x00000000eab00000)
  object space 68608K, 33% used [0x00000000c0000000,0x00000000c166c868,0x00000000c4300000)
 Metaspace       used 34533K, committed 35648K, reserved 1114112K
  class space    used 3439K, committed 3968K, reserved 1048576K
}
Event: 11.814 GC heap before
{Heap before GC invocations=17 (full 1):
 PSYoungGen      total 24576K, used 24548K [0x00000000eab00000, 0x00000000ec580000, 0x0000000100000000)
  eden space 22016K, 100% used [0x00000000eab00000,0x00000000ec080000,0x00000000ec080000)
  from space 2560K, 98% used [0x00000000ec080000,0x00000000ec2f9000,0x00000000ec300000)
  to   space 2560K, 0% used [0x00000000ec300000,0x00000000ec300000,0x00000000ec580000)
 ParOldGen       total 68608K, used 22962K [0x00000000c0000000, 0x00000000c4300000, 0x00000000eab00000)
  object space 68608K, 33% used [0x00000000c0000000,0x00000000c166c868,0x00000000c4300000)
 Metaspace       used 34589K, committed 35648K, reserved 1114112K
  class space    used 3446K, committed 3968K, reserved 1048576K
}
Event: 11.820 GC heap after
{Heap after GC invocations=17 (full 1):
 PSYoungGen      total 24576K, used 2272K [0x00000000eab00000, 0x00000000ec580000, 0x0000000100000000)
  eden space 22016K, 0% used [0x00000000eab00000,0x00000000eab00000,0x00000000ec080000)
  from space 2560K, 88% used [0x00000000ec300000,0x00000000ec538000,0x00000000ec580000)
  to   space 2560K, 0% used [0x00000000ec080000,0x00000000ec080000,0x00000000ec300000)
 ParOldGen       total 68608K, used 25360K [0x00000000c0000000, 0x00000000c4300000, 0x00000000eab00000)
  object space 68608K, 36% used [0x00000000c0000000,0x00000000c18c4318,0x00000000c4300000)
 Metaspace       used 34589K, committed 35648K, reserved 1114112K
  class space    used 3446K, committed 3968K, reserved 1048576K
}
Event: 12.072 GC heap before
{Heap before GC invocations=18 (full 1):
 PSYoungGen      total 24576K, used 24288K [0x00000000eab00000, 0x00000000ec580000, 0x0000000100000000)
  eden space 22016K, 100% used [0x00000000eab00000,0x00000000ec080000,0x00000000ec080000)
  from space 2560K, 88% used [0x00000000ec300000,0x00000000ec538000,0x00000000ec580000)
  to   space 2560K, 0% used [0x00000000ec080000,0x00000000ec080000,0x00000000ec300000)
 ParOldGen       total 68608K, used 25360K [0x00000000c0000000, 0x00000000c4300000, 0x00000000eab00000)
  object space 68608K, 36% used [0x00000000c0000000,0x00000000c18c4318,0x00000000c4300000)
 Metaspace       used 34659K, committed 35776K, reserved 1114112K
  class space    used 3454K, committed 3968K, reserved 1048576K
}
Event: 12.080 GC heap after
{Heap after GC invocations=18 (full 1):
 PSYoungGen      total 24576K, used 2392K [0x00000000eab00000, 0x00000000ec580000, 0x0000000100000000)
  eden space 22016K, 0% used [0x00000000eab00000,0x00000000eab00000,0x00000000ec080000)
  from space 2560K, 93% used [0x00000000ec080000,0x00000000ec2d6210,0x00000000ec300000)
  to   space 2560K, 0% used [0x00000000ec300000,0x00000000ec300000,0x00000000ec580000)
 ParOldGen       total 68608K, used 27512K [0x00000000c0000000, 0x00000000c4300000, 0x00000000eab00000)
  object space 68608K, 40% used [0x00000000c0000000,0x00000000c1ade318,0x00000000c4300000)
 Metaspace       used 34659K, committed 35776K, reserved 1114112K
  class space    used 3454K, committed 3968K, reserved 1048576K
}
Event: 12.228 GC heap before
{Heap before GC invocations=19 (full 1):
 PSYoungGen      total 24576K, used 9952K [0x00000000eab00000, 0x00000000ec580000, 0x0000000100000000)
  eden space 22016K, 34% used [0x00000000eab00000,0x00000000eb261ee8,0x00000000ec080000)
  from space 2560K, 93% used [0x00000000ec080000,0x00000000ec2d6210,0x00000000ec300000)
  to   space 2560K, 0% used [0x00000000ec300000,0x00000000ec300000,0x00000000ec580000)
 ParOldGen       total 68608K, used 27512K [0x00000000c0000000, 0x00000000c4300000, 0x00000000eab00000)
  object space 68608K, 40% used [0x00000000c0000000,0x00000000c1ade318,0x00000000c4300000)
 Metaspace       used 34719K, committed 35840K, reserved 1114112K
  class space    used 3467K, committed 3968K, reserved 1048576K
}
Event: 12.232 GC heap after
{Heap after GC invocations=19 (full 1):
 PSYoungGen      total 23040K, used 867K [0x00000000eab00000, 0x00000000ec400000, 0x0000000100000000)
  eden space 22016K, 0% used [0x00000000eab00000,0x00000000eab00000,0x00000000ec080000)
  from space 1024K, 84% used [0x00000000ec300000,0x00000000ec3d8cd0,0x00000000ec400000)
  to   space 1536K, 0% used [0x00000000ec100000,0x00000000ec100000,0x00000000ec280000)
 ParOldGen       total 68608K, used 29769K [0x00000000c0000000, 0x00000000c4300000, 0x00000000eab00000)
  object space 68608K, 43% used [0x00000000c0000000,0x00000000c1d12528,0x00000000c4300000)
 Metaspace       used 34719K, committed 35840K, reserved 1114112K
  class space    used 3467K, committed 3968K, reserved 1048576K
}
Event: 12.232 GC heap before
{Heap before GC invocations=20 (full 2):
 PSYoungGen      total 23040K, used 867K [0x00000000eab00000, 0x00000000ec400000, 0x0000000100000000)
  eden space 22016K, 0% used [0x00000000eab00000,0x00000000eab00000,0x00000000ec080000)
  from space 1024K, 84% used [0x00000000ec300000,0x00000000ec3d8cd0,0x00000000ec400000)
  to   space 1536K, 0% used [0x00000000ec100000,0x00000000ec100000,0x00000000ec280000)
 ParOldGen       total 68608K, used 29769K [0x00000000c0000000, 0x00000000c4300000, 0x00000000eab00000)
  object space 68608K, 43% used [0x00000000c0000000,0x00000000c1d12528,0x00000000c4300000)
 Metaspace       used 34719K, committed 35840K, reserved 1114112K
  class space    used 3467K, committed 3968K, reserved 1048576K
}
Event: 12.317 GC heap after
{Heap after GC invocations=20 (full 2):
 PSYoungGen      total 23040K, used 0K [0x00000000eab00000, 0x00000000ec400000, 0x0000000100000000)
  eden space 22016K, 0% used [0x00000000eab00000,0x00000000eab00000,0x00000000ec080000)
  from space 1024K, 0% used [0x00000000ec300000,0x00000000ec300000,0x00000000ec400000)
  to   space 1536K, 0% used [0x00000000ec100000,0x00000000ec100000,0x00000000ec280000)
 ParOldGen       total 68608K, used 29461K [0x00000000c0000000, 0x00000000c4300000, 0x00000000eab00000)
  object space 68608K, 42% used [0x00000000c0000000,0x00000000c1cc54a0,0x00000000c4300000)
 Metaspace       used 34719K, committed 35840K, reserved 1114112K
  class space    used 3467K, committed 3968K, reserved 1048576K
}
Event: 14.624 GC heap before
{Heap before GC invocations=21 (full 2):
 PSYoungGen      total 23040K, used 22016K [0x00000000eab00000, 0x00000000ec400000, 0x0000000100000000)
  eden space 22016K, 100% used [0x00000000eab00000,0x00000000ec080000,0x00000000ec080000)
  from space 1024K, 0% used [0x00000000ec300000,0x00000000ec300000,0x00000000ec400000)
  to   space 1536K, 0% used [0x00000000ec100000,0x00000000ec100000,0x00000000ec280000)
 ParOldGen       total 68608K, used 29461K [0x00000000c0000000, 0x00000000c4300000, 0x00000000eab00000)
  object space 68608K, 42% used [0x00000000c0000000,0x00000000c1cc54a0,0x00000000c4300000)
 Metaspace       used 36242K, committed 37440K, reserved 1114112K
  class space    used 3647K, committed 4160K, reserved 1048576K
}
Event: 14.627 GC heap after
{Heap after GC invocations=21 (full 2):
 PSYoungGen      total 23552K, used 864K [0x00000000eab00000, 0x00000000ec380000, 0x0000000100000000)
  eden space 22016K, 0% used [0x00000000eab00000,0x00000000eab00000,0x00000000ec080000)
  from space 1536K, 56% used [0x00000000ec100000,0x00000000ec1d8000,0x00000000ec280000)
  to   space 1024K, 0% used [0x00000000ec280000,0x00000000ec280000,0x00000000ec380000)
 ParOldGen       total 68608K, used 30250K [0x00000000c0000000, 0x00000000c4300000, 0x00000000eab00000)
  object space 68608K, 44% used [0x00000000c0000000,0x00000000c1d8a9b0,0x00000000c4300000)
 Metaspace       used 36242K, committed 37440K, reserved 1114112K
  class space    used 3647K, committed 4160K, reserved 1048576K
}
Event: 15.771 GC heap before
{Heap before GC invocations=22 (full 2):
 PSYoungGen      total 23552K, used 22874K [0x00000000eab00000, 0x00000000ec380000, 0x0000000100000000)
  eden space 22016K, 99% used [0x00000000eab00000,0x00000000ec07e9c8,0x00000000ec080000)
  from space 1536K, 56% used [0x00000000ec100000,0x00000000ec1d8000,0x00000000ec280000)
  to   space 1024K, 0% used [0x00000000ec280000,0x00000000ec280000,0x00000000ec380000)
 ParOldGen       total 68608K, used 30266K [0x00000000c0000000, 0x00000000c4300000, 0x00000000eab00000)
  object space 68608K, 44% used [0x00000000c0000000,0x00000000c1d8e920,0x00000000c4300000)
 Metaspace       used 38525K, committed 39808K, reserved 1114112K
  class space    used 3910K, committed 4480K, reserved 1048576K
}
Event: 15.774 GC heap after
{Heap after GC invocations=22 (full 2):
 PSYoungGen      total 22528K, used 1019K [0x00000000eab00000, 0x00000000ec580000, 0x0000000100000000)
  eden space 21504K, 0% used [0x00000000eab00000,0x00000000eab00000,0x00000000ec000000)
  from space 1024K, 99% used [0x00000000ec280000,0x00000000ec37ee08,0x00000000ec380000)
  to   space 2560K, 0% used [0x00000000ec000000,0x00000000ec000000,0x00000000ec280000)
 ParOldGen       total 68608K, used 31240K [0x00000000c0000000, 0x00000000c4300000, 0x00000000eab00000)
  object space 68608K, 45% used [0x00000000c0000000,0x00000000c1e82348,0x00000000c4300000)
 Metaspace       used 38525K, committed 39808K, reserved 1114112K
  class space    used 3910K, committed 4480K, reserved 1048576K
}
Event: 17.803 GC heap before
{Heap before GC invocations=23 (full 2):
 PSYoungGen      total 22528K, used 22523K [0x00000000eab00000, 0x00000000ec580000, 0x0000000100000000)
  eden space 21504K, 100% used [0x00000000eab00000,0x00000000ec000000,0x00000000ec000000)
  from space 1024K, 99% used [0x00000000ec280000,0x00000000ec37ee08,0x00000000ec380000)
  to   space 2560K, 0% used [0x00000000ec000000,0x00000000ec000000,0x00000000ec280000)
 ParOldGen       total 68608K, used 31243K [0x00000000c0000000, 0x00000000c4300000, 0x00000000eab00000)
  object space 68608K, 45% used [0x00000000c0000000,0x00000000c1e82d68,0x00000000c4300000)
 Metaspace       used 41263K, committed 42496K, reserved 1114112K
  class space    used 4225K, committed 4800K, reserved 1048576K
}
Event: 17.807 GC heap after
{Heap after GC invocations=23 (full 2):
 PSYoungGen      total 23040K, used 1300K [0x00000000eab00000, 0x00000000ec400000, 0x0000000100000000)
  eden space 21504K, 0% used [0x00000000eab00000,0x00000000eab00000,0x00000000ec000000)
  from space 1536K, 84% used [0x00000000ec000000,0x00000000ec1451b0,0x00000000ec180000)
  to   space 2048K, 0% used [0x00000000ec200000,0x00000000ec200000,0x00000000ec400000)
 ParOldGen       total 68608K, used 32195K [0x00000000c0000000, 0x00000000c4300000, 0x00000000eab00000)
  object space 68608K, 46% used [0x00000000c0000000,0x00000000c1f70e58,0x00000000c4300000)
 Metaspace       used 41263K, committed 42496K, reserved 1114112K
  class space    used 4225K, committed 4800K, reserved 1048576K
}

